<?xml version="1.0" encoding="UTF-8"?>
<testsuite xmlns:xsi="http://www.w3.org/2001/XMLSchema-instance" xsi:noNamespaceSchemaLocation="https://maven.apache.org/surefire/maven-surefire-plugin/xsd/surefire-test-report.xsd" version="3.0.2" name="ProductServiceTest" time="0.418" tests="8" errors="0" skipped="0" failures="0">
  <properties>
    <property name="java.specification.version" value="17"/>
    <property name="sun.jnu.encoding" value="UTF-8"/>
    <property name="java.class.path" value="/home/omar/Documents/workspace-java/test/target/test-classes:/home/omar/Documents/workspace-java/test/target/classes:/home/omar/.m2/repository/junit/junit/4.12/junit-4.12.jar:/home/omar/.m2/repository/org/hamcrest/hamcrest-core/1.3/hamcrest-core-1.3.jar:"/>
    <property name="java.vm.vendor" value="Oracle Corporation"/>
    <property name="sun.arch.data.model" value="64"/>
    <property name="java.vendor.url" value="https://java.oracle.com/"/>
    <property name="os.name" value="Linux"/>
    <property name="java.vm.specification.version" value="17"/>
    <property name="sun.java.launcher" value="SUN_STANDARD"/>
    <property name="user.country" value="US"/>
    <property name="sun.boot.library.path" value="/usr/lib/jvm/jdk-17.0.12-oracle-x64/lib"/>
    <property name="sun.java.command" value="/home/omar/Documents/workspace-java/test/target/surefire/surefirebooter-20241219002642543_3.jar /home/omar/Documents/workspace-java/test/target/surefire 2024-12-19T00-26-42_005-jvmRun1 surefire-20241219002642543_1tmp surefire_0-20241219002642543_2tmp"/>
    <property name="jdk.debug" value="release"/>
    <property name="surefire.test.class.path" value="/home/omar/Documents/workspace-java/test/target/test-classes:/home/omar/Documents/workspace-java/test/target/classes:/home/omar/.m2/repository/junit/junit/4.12/junit-4.12.jar:/home/omar/.m2/repository/org/hamcrest/hamcrest-core/1.3/hamcrest-core-1.3.jar:"/>
    <property name="sun.cpu.endian" value="little"/>
    <property name="user.home" value="/home/omar"/>
    <property name="user.language" value="en"/>
    <property name="java.specification.vendor" value="Oracle Corporation"/>
    <property name="java.version.date" value="2024-07-16"/>
    <property name="java.home" value="/usr/lib/jvm/jdk-17.0.12-oracle-x64"/>
    <property name="file.separator" value="/"/>
    <property name="basedir" value="/home/omar/Documents/workspace-java/test"/>
    <property name="java.vm.compressedOopsMode" value="32-bit"/>
    <property name="line.separator" value="&#10;"/>
    <property name="java.vm.specification.vendor" value="Oracle Corporation"/>
    <property name="java.specification.name" value="Java Platform API Specification"/>
    <property name="surefire.real.class.path" value="/home/omar/Documents/workspace-java/test/target/surefire/surefirebooter-20241219002642543_3.jar"/>
    <property name="sun.management.compiler" value="HotSpot 64-Bit Tiered Compilers"/>
    <property name="java.runtime.version" value="17.0.12+8-LTS-286"/>
    <property name="user.name" value="omar"/>
    <property name="path.separator" value=":"/>
    <property name="os.version" value="5.15.0-126-generic"/>
    <property name="java.runtime.name" value="Java(TM) SE Runtime Environment"/>
    <property name="file.encoding" value="UTF-8"/>
    <property name="java.vm.name" value="Java HotSpot(TM) 64-Bit Server VM"/>
    <property name="localRepository" value="/home/omar/.m2/repository"/>
    <property name="java.vendor.url.bug" value="https://bugreport.java.com/bugreport/"/>
    <property name="java.io.tmpdir" value="/tmp"/>
    <property name="java.version" value="17.0.12"/>
    <property name="user.dir" value="/home/omar/Documents/workspace-java/test"/>
    <property name="os.arch" value="amd64"/>
    <property name="java.vm.specification.name" value="Java Virtual Machine Specification"/>
    <property name="native.encoding" value="UTF-8"/>
    <property name="java.library.path" value="/usr/java/packages/lib:/usr/lib64:/lib64:/lib:/usr/lib"/>
    <property name="java.vm.info" value="mixed mode, sharing"/>
    <property name="java.vendor" value="Oracle Corporation"/>
    <property name="java.vm.version" value="17.0.12+8-LTS-286"/>
    <property name="sun.io.unicode.encoding" value="UnicodeLittle"/>
    <property name="java.class.version" value="61.0"/>
  </properties>
  <testcase name="testIsOutOfStock" classname="ProductServiceTest" time="0.019"/>
  <testcase name="testApplyPromotion" classname="ProductServiceTest" time="0.004"/>
  <testcase name="testApplyInvalidPromotion" classname="ProductServiceTest" time="0.009"/>
  <testcase name="testUpdatePrice" classname="ProductServiceTest" time="0.001"/>
  <testcase name="testRestockInvalidQuantity" classname="ProductServiceTest" time="0.004"/>
  <testcase name="testRestock" classname="ProductServiceTest" time="0.004"/>
  <testcase name="testIsInStock" classname="ProductServiceTest" time="0.001"/>
  <testcase name="testUpdateInvalidPrice" classname="ProductServiceTest" time="0.0"/>
</testsuite>